<?xml version="1.0" encoding="UTF-8"?>
<testsuite name="runner.Runner" tests="0" skipped="0" failures="0" errors="0" timestamp="1970-01-01T00:00:00" hostname="AMD-GAMER-DESKT" time="0.0">
  <properties/>
  <system-out><![CDATA[
Failed scenarios:
src/test/resources/features/AmazonSearchNCart.feature:13 # As a Customer when I search for Alexa, I want to see if the third option on the second page is available for purchase and can be added to the cart.

1 Scenarios (1 failed)
5 Steps (1 failed, 4 passed)
0m10,180s

java.lang.AssertionError: Values should be different. Actual: 0
	at org.junit.Assert.fail(Assert.java:88)
	at org.junit.Assert.failEquals(Assert.java:185)
	at org.junit.Assert.assertNotEquals(Assert.java:199)
	at org.junit.Assert.assertNotEquals(Assert.java:211)
	at steps.AmazonSearchNCartSteps.verifyRules(AmazonSearchNCartSteps.java:51)
	at ?.assert that the item would be available for purchase(src/test/resources/features/AmazonSearchNCart.feature:9)

]]></system-out>
  <system-err><![CDATA[]]></system-err>
</testsuite>
