<?xml version="1.0" encoding="UTF-8"?>
<testsuite name="runner.Runner" tests="0" skipped="0" failures="0" errors="0" timestamp="1970-01-01T00:00:00" hostname="AMD-GAMER-DESKT" time="0.0">
  <properties/>
  <system-out><![CDATA[
0 Scenarios
0 Steps
0m0,103s

]]></system-out>
  <system-err><![CDATA[]]></system-err>
</testsuite>
